<?xml version="1.0" encoding="UTF-8"?>
<!-- Generated by org.testng.reporters.JUnitReportReporter -->
<testsuite hostname="Tunga" failures="0" tests="1" name="RestAssured.API_Automation.AddApiBook" time="1.885" errors="0" timestamp="2024-09-08T21:26:33 IST" skipped="0">
  <testcase classname="RestAssured.API_Automation.AddApiBook" name="AddBook" time="1.885"/>
  <system-out/>
</testsuite> <!-- RestAssured.API_Automation.AddApiBook -->
