<?xml version="1.0" encoding="UTF-8"?>
<!-- Generated by org.testng.reporters.JUnitReportReporter -->
<testsuite hostname="Tunga" failures="0" tests="1" name="RestAssured.API_Automation.AccessTokenOAuth" time="2.861" errors="0" timestamp="2024-09-11T15:06:41 IST" skipped="0">
  <testcase classname="RestAssured.API_Automation.AccessTokenOAuth" name="GetCourses" time="2.861"/>
  <system-out/>
</testsuite> <!-- RestAssured.API_Automation.AccessTokenOAuth -->
