<?xml version="1.0" encoding="UTF-8"?>
<!-- Generated by org.testng.reporters.JUnitReportReporter -->
<testsuite hostname="Tunga" failures="0" tests="1" name="RestAssured.API_Automation.ComplexJsonPath" time="1.769" errors="0" timestamp="2024-09-07T17:39:26 IST" skipped="0">
  <testcase classname="RestAssured.API_Automation.ComplexJsonPath" name="JsonNodes" time="1.769"/>
  <system-out/>
</testsuite> <!-- RestAssured.API_Automation.ComplexJsonPath -->
