<?xml version="1.0" encoding="UTF-8"?>
<!-- Generated by org.testng.reporters.JUnitReportReporter -->
<testsuite hostname="Tunga" failures="0" tests="1" name="RestAssured.API_Automation.OAuthAccessToken" time="2.561" errors="0" timestamp="2024-09-11T00:58:38 IST" skipped="0">
  <testcase classname="RestAssured.API_Automation.OAuthAccessToken" name="getDetails" time="2.561"/>
  <system-out/>
</testsuite> <!-- RestAssured.API_Automation.OAuthAccessToken -->
