<?xml version="1.0" encoding="UTF-8"?>
<!-- Generated by org.testng.reporters.JUnitReportReporter -->
<testsuite hostname="Tunga" failures="0" tests="1" name="RestAssured.API_Automation.BugTest" time="6.145" errors="0" timestamp="2024-09-09T01:29:52 IST" skipped="0">
  <testcase classname="RestAssured.API_Automation.BugTest" name="createTest" time="6.145"/>
  <system-out/>
</testsuite> <!-- RestAssured.API_Automation.BugTest -->
