<?xml version="1.0" encoding="UTF-8"?>
<!-- Generated by org.testng.reporters.JUnitReportReporter -->
<testsuite hostname="Tunga" failures="0" tests="1" name="RestAssured.API_Automation.TestJiraApi" time="8.551" errors="0" timestamp="2024-09-09T23:18:35 IST" skipped="0">
  <testcase classname="RestAssured.API_Automation.TestJiraApi" name="CreateJira" time="8.551"/>
  <system-out/>
</testsuite> <!-- RestAssured.API_Automation.TestJiraApi -->
