<?xml version="1.0" encoding="UTF-8"?>
<!-- Generated by org.testng.reporters.JUnitReportReporter -->
<testsuite hostname="Tunga" failures="0" tests="1" name="RestAssured.API_Automation.ApiLibrariesJsonFile" time="1.966" errors="0" timestamp="2024-09-08T00:18:55 IST" skipped="0">
  <testcase classname="RestAssured.API_Automation.ApiLibrariesJsonFile" name="ApiAddBook" time="1.966"/>
  <system-out/>
</testsuite> <!-- RestAssured.API_Automation.ApiLibrariesJsonFile -->
