<?xml version="1.0" encoding="UTF-8"?>
<!-- Generated by org.testng.reporters.JUnitReportReporter -->
<testsuite hostname="Tunga" failures="0" tests="1" name="E2eApiAutomation.OrdersCURD" time="3.680" errors="0" timestamp="2024-09-12T20:48:57 IST" skipped="0">
  <testcase classname="E2eApiAutomation.OrdersCURD" name="Orders" time="3.680"/>
  <system-out/>
</testsuite> <!-- E2eApiAutomation.OrdersCURD -->
