<?xml version="1.0" encoding="UTF-8"?>
<!-- Generated by org.testng.reporters.JUnitReportReporter -->
<testsuite hostname="Tunga" failures="0" tests="1" name="RestAssured.API_Automation.GoogleMapsAddPlaceSerilizationDserilization" time="2.248" errors="0" timestamp="2024-09-11T22:43:37 IST" skipped="0">
  <testcase classname="RestAssured.API_Automation.GoogleMapsAddPlaceSerilizationDserilization" name="adddPlace" time="2.248"/>
  <system-out/>
</testsuite> <!-- RestAssured.API_Automation.GoogleMapsAddPlaceSerilizationDserilization -->
