<?xml version="1.0" encoding="UTF-8"?>
<!-- Generated by org.testng.reporters.JUnitReportReporter -->
<testsuite hostname="Tunga" failures="0" tests="3" name="RestAssured.API_Automation.APILibrearies" time="2.214" errors="0" timestamp="2024-09-07T23:55:05 IST" skipped="0">
  <testcase classname="RestAssured.API_Automation.APILibrearies" name="AddBook" time="1.911"/>
  <system-out/>
  <testcase classname="RestAssured.API_Automation.APILibrearies" name="AddBook" time="0.157"/>
  <system-out/>
  <testcase classname="RestAssured.API_Automation.APILibrearies" name="AddBook" time="0.146"/>
  <system-out/>
</testsuite> <!-- RestAssured.API_Automation.APILibrearies -->
